app/build/intermediates/manifest_merge_blame_file/debug/manifest-merger-blame-debug-report.txt
1<?xml version="1.0" encoding="utf-8"?>
2<manifest xmlns:android="http://schemas.android.com/apk/res/android"
3    package="com.example.john.tab2layout"
4    android:versionCode="1"
5    android:versionName="1.0" >
6
7    <uses-sdk
8        android:minSdkVersion="21"
8-->src\main\AndroidManifest.xml
9        android:targetSdkVersion="28" />
9-->src\main\AndroidManifest.xml
10
11    <permission
11-->src\main\AndroidManifest.xml:6:5-8:47
12        android:name="info.androidhive.googlemapsv2.permission.MAPS_RECEIVE"
12-->src\main\AndroidManifest.xml:7:9-77
13        android:protectionLevel="signature" />
13-->src\main\AndroidManifest.xml:8:9-44
14
15    <uses-permission android:name="info.androidhive.googlemapsv2.permission.MAPS_RECEIVE" />
15-->src\main\AndroidManifest.xml:10:5-93
15-->src\main\AndroidManifest.xml:10:22-90
16    <uses-permission android:name="android.permission.ACCESS_NETWORK_STATE" />
16-->src\main\AndroidManifest.xml:14:5-79
16-->src\main\AndroidManifest.xml:14:22-76
17    <uses-permission android:name="android.permission.INTERNET" />
17-->src\main\AndroidManifest.xml:15:5-67
17-->src\main\AndroidManifest.xml:15:22-64
18    <uses-permission android:name="com.google.android.providers.gsf.permission.READ_GSERVICES" />
18-->src\main\AndroidManifest.xml:16:5-98
18-->src\main\AndroidManifest.xml:16:22-95
19    <uses-permission android:name="android.permission.WRITE_EXTERNAL_STORAGE" />
19-->src\main\AndroidManifest.xml:17:5-81
19-->src\main\AndroidManifest.xml:17:22-78
20
21    <!-- Required to show current location -->
22    <uses-permission android:name="android.permission.ACCESS_COARSE_LOCATION" />
22-->src\main\AndroidManifest.xml:20:5-81
22-->src\main\AndroidManifest.xml:20:22-78
23    <uses-permission android:name="android.permission.ACCESS_FINE_LOCATION" />
23-->src\main\AndroidManifest.xml:21:5-79
23-->src\main\AndroidManifest.xml:21:22-76
24
25    <!-- Required OpenGL ES 2.0. for Maps V2 -->
26    <uses-feature
26-->src\main\AndroidManifest.xml:24:5-26:35
27        android:glEsVersion="0x00020000"
27-->src\main\AndroidManifest.xml:25:9-41
28        android:required="true" />
28-->src\main\AndroidManifest.xml:26:9-32
29
30    <uses-permission android:name="android.permission.WAKE_LOCK" />
30-->[com.google.firebase:firebase-measurement-connector-impl:17.0.5] AndroidManifest.xml:24:5-68
30-->[com.google.firebase:firebase-measurement-connector-impl:17.0.5] AndroidManifest.xml:24:22-65
31    <uses-permission android:name="com.google.android.finsky.permission.BIND_GET_INSTALL_REFERRER_SERVICE" /> <!-- Required by older versions of Google Play services to create IID tokens -->
31-->[com.google.firebase:firebase-analytics:16.3.0] AndroidManifest.xml:26:5-110
31-->[com.google.firebase:firebase-analytics:16.3.0] AndroidManifest.xml:26:22-107
32    <uses-permission android:name="com.google.android.c2dm.permission.RECEIVE" />
32-->[com.google.firebase:firebase-iid:17.0.3] AndroidManifest.xml:26:5-82
32-->[com.google.firebase:firebase-iid:17.0.3] AndroidManifest.xml:26:22-79
33
34    <application
34-->src\main\AndroidManifest.xml:28:5-52:19
35        android:allowBackup="true"
35-->src\main\AndroidManifest.xml:29:9-35
36        android:appComponentFactory="android.support.v4.app.CoreComponentFactory"
36-->[com.android.support:support-compat:28.0.0] AndroidManifest.xml:22:18-91
37        android:debuggable="true"
38        android:fullBackupContent="@xml/backup_descriptor"
38-->src\main\AndroidManifest.xml:35:9-59
39        android:icon="@mipmap/ic_launcher"
39-->src\main\AndroidManifest.xml:30:9-43
40        android:label="@string/app_name"
40-->src\main\AndroidManifest.xml:31:9-41
41        android:roundIcon="@mipmap/ic_launcher_round"
41-->src\main\AndroidManifest.xml:32:9-54
42        android:supportsRtl="true"
42-->src\main\AndroidManifest.xml:33:9-35
43        android:theme="@style/AppTheme" >
43-->src\main\AndroidManifest.xml:34:9-40
44        <uses-library
44-->src\main\AndroidManifest.xml:36:9-87
45            android:name="org.apache.http.legacy"
45-->src\main\AndroidManifest.xml:36:23-60
46            android:required="false" />
46-->src\main\AndroidManifest.xml:36:61-85
47
48        <meta-data
48-->src\main\AndroidManifest.xml:38:9-40:71
49            android:name="com.google.android.geo.API_KEY"
49-->src\main\AndroidManifest.xml:39:13-58
50            android:value="AIzaSyB26egzqJ6UgH4gvI3H2hkp3H2D5gm56ys" />
50-->src\main\AndroidManifest.xml:40:13-68
51
52        <activity
52-->src\main\AndroidManifest.xml:42:9-51:20
53            android:name="com.example.john.tab2layout.MainActivity"
53-->src\main\AndroidManifest.xml:43:13-41
54            android:label="@string/app_name"
54-->src\main\AndroidManifest.xml:44:13-45
55            android:theme="@style/AppTheme.NoActionBar" >
55-->src\main\AndroidManifest.xml:45:13-56
56            <intent-filter>
56-->src\main\AndroidManifest.xml:46:13-50:29
57                <action android:name="android.intent.action.MAIN" />
57-->src\main\AndroidManifest.xml:47:17-69
57-->src\main\AndroidManifest.xml:47:25-66
58
59                <category android:name="android.intent.category.LAUNCHER" />
59-->src\main\AndroidManifest.xml:49:17-77
59-->src\main\AndroidManifest.xml:49:27-74
60            </intent-filter>
61        </activity>
62        <activity
62-->[com.google.firebase:firebase-auth:16.1.0] AndroidManifest.xml:24:9-31:50
63            android:name="com.google.firebase.auth.internal.FederatedSignInActivity"
63-->[com.google.firebase:firebase-auth:16.1.0] AndroidManifest.xml:25:13-85
64            android:excludeFromRecents="true"
64-->[com.google.firebase:firebase-auth:16.1.0] AndroidManifest.xml:26:13-46
65            android:exported="true"
65-->[com.google.firebase:firebase-auth:16.1.0] AndroidManifest.xml:27:13-36
66            android:launchMode="singleTask"
66-->[com.google.firebase:firebase-auth:16.1.0] AndroidManifest.xml:28:13-44
67            android:permission="com.google.firebase.auth.api.gms.permission.LAUNCH_FEDERATED_SIGN_IN"
67-->[com.google.firebase:firebase-auth:16.1.0] AndroidManifest.xml:29:13-102
68            android:theme="@android:style/Theme.Translucent.NoTitleBar" />
68-->[com.google.firebase:firebase-auth:16.1.0] AndroidManifest.xml:30:13-72
69
70        <service
70-->[com.google.firebase:firebase-auth:16.1.0] AndroidManifest.xml:33:9-39:19
71            android:name="com.google.firebase.components.ComponentDiscoveryService"
71-->[com.google.firebase:firebase-auth:16.1.0] AndroidManifest.xml:34:13-84
72            android:exported="false" >
72-->[com.google.firebase:firebase-auth:16.1.0] AndroidManifest.xml:35:13-37
73            <meta-data
73-->[com.google.firebase:firebase-auth:16.1.0] AndroidManifest.xml:36:13-38:85
74                android:name="com.google.firebase.components:com.google.firebase.auth.FirebaseAuthRegistrar"
74-->[com.google.firebase:firebase-auth:16.1.0] AndroidManifest.xml:37:17-109
75                android:value="com.google.firebase.components.ComponentRegistrar" />
75-->[com.google.firebase:firebase-auth:16.1.0] AndroidManifest.xml:38:17-82
76            <meta-data
76-->[com.google.firebase:firebase-database:16.1.0] AndroidManifest.xml:30:13-32:85
77                android:name="com.google.firebase.components:com.google.firebase.database.DatabaseRegistrar"
77-->[com.google.firebase:firebase-database:16.1.0] AndroidManifest.xml:31:17-109
78                android:value="com.google.firebase.components.ComponentRegistrar" />
78-->[com.google.firebase:firebase-database:16.1.0] AndroidManifest.xml:32:17-82
79            <meta-data
79-->[com.google.firebase:firebase-storage:16.1.0] AndroidManifest.xml:31:13-33:85
80                android:name="com.google.firebase.components:com.google.firebase.storage.StorageRegistrar"
80-->[com.google.firebase:firebase-storage:16.1.0] AndroidManifest.xml:32:17-107
81                android:value="com.google.firebase.components.ComponentRegistrar" />
81-->[com.google.firebase:firebase-storage:16.1.0] AndroidManifest.xml:33:17-82
82            <meta-data
82-->[com.google.firebase:firebase-measurement-connector-impl:17.0.5] AndroidManifest.xml:28:13-30:85
83                android:name="com.google.firebase.components:com.google.firebase.analytics.connector.internal.AnalyticsConnectorRegistrar"
83-->[com.google.firebase:firebase-measurement-connector-impl:17.0.5] AndroidManifest.xml:29:17-139
84                android:value="com.google.firebase.components.ComponentRegistrar" />
84-->[com.google.firebase:firebase-measurement-connector-impl:17.0.5] AndroidManifest.xml:30:17-82
85            <meta-data
85-->[com.google.firebase:firebase-iid:17.0.3] AndroidManifest.xml:32:13-34:85
86                android:name="com.google.firebase.components:com.google.firebase.iid.Registrar"
86-->[com.google.firebase:firebase-iid:17.0.3] AndroidManifest.xml:33:17-96
87                android:value="com.google.firebase.components.ComponentRegistrar" />
87-->[com.google.firebase:firebase-iid:17.0.3] AndroidManifest.xml:34:17-82
88        </service>
89
90        <receiver
90-->[com.google.firebase:firebase-analytics:16.3.0] AndroidManifest.xml:29:9-33:20
91            android:name="com.google.android.gms.measurement.AppMeasurementReceiver"
91-->[com.google.firebase:firebase-analytics:16.3.0] AndroidManifest.xml:30:13-85
92            android:enabled="true"
92-->[com.google.firebase:firebase-analytics:16.3.0] AndroidManifest.xml:31:13-35
93            android:exported="false" >
93-->[com.google.firebase:firebase-analytics:16.3.0] AndroidManifest.xml:32:13-37
94        </receiver>
95        <receiver
95-->[com.google.firebase:firebase-analytics:16.3.0] AndroidManifest.xml:34:9-42:20
96            android:name="com.google.android.gms.measurement.AppMeasurementInstallReferrerReceiver"
96-->[com.google.firebase:firebase-analytics:16.3.0] AndroidManifest.xml:35:13-100
97            android:enabled="true"
97-->[com.google.firebase:firebase-analytics:16.3.0] AndroidManifest.xml:36:13-35
98            android:exported="true"
98-->[com.google.firebase:firebase-analytics:16.3.0] AndroidManifest.xml:37:13-36
99            android:permission="android.permission.INSTALL_PACKAGES" >
99-->[com.google.firebase:firebase-analytics:16.3.0] AndroidManifest.xml:38:13-69
100            <intent-filter>
100-->[com.google.firebase:firebase-analytics:16.3.0] AndroidManifest.xml:39:13-41:29
101                <action android:name="com.android.vending.INSTALL_REFERRER" />
101-->[com.google.firebase:firebase-analytics:16.3.0] AndroidManifest.xml:40:17-79
101-->[com.google.firebase:firebase-analytics:16.3.0] AndroidManifest.xml:40:25-76
102            </intent-filter>
103        </receiver>
104
105        <service
105-->[com.google.firebase:firebase-analytics:16.3.0] AndroidManifest.xml:44:9-47:40
106            android:name="com.google.android.gms.measurement.AppMeasurementService"
106-->[com.google.firebase:firebase-analytics:16.3.0] AndroidManifest.xml:45:13-84
107            android:enabled="true"
107-->[com.google.firebase:firebase-analytics:16.3.0] AndroidManifest.xml:46:13-35
108            android:exported="false" />
108-->[com.google.firebase:firebase-analytics:16.3.0] AndroidManifest.xml:47:13-37
109        <service
109-->[com.google.firebase:firebase-analytics:16.3.0] AndroidManifest.xml:48:9-52:72
110            android:name="com.google.android.gms.measurement.AppMeasurementJobService"
110-->[com.google.firebase:firebase-analytics:16.3.0] AndroidManifest.xml:49:13-87
111            android:enabled="true"
111-->[com.google.firebase:firebase-analytics:16.3.0] AndroidManifest.xml:50:13-35
112            android:exported="false"
112-->[com.google.firebase:firebase-analytics:16.3.0] AndroidManifest.xml:51:13-37
113            android:permission="android.permission.BIND_JOB_SERVICE" />
113-->[com.google.firebase:firebase-analytics:16.3.0] AndroidManifest.xml:52:13-69
114
115        <receiver
115-->[com.google.firebase:firebase-iid:17.0.3] AndroidManifest.xml:37:9-44:20
116            android:name="com.google.firebase.iid.FirebaseInstanceIdReceiver"
116-->[com.google.firebase:firebase-iid:17.0.3] AndroidManifest.xml:38:13-78
117            android:exported="true"
117-->[com.google.firebase:firebase-iid:17.0.3] AndroidManifest.xml:39:13-36
118            android:permission="com.google.android.c2dm.permission.SEND" >
118-->[com.google.firebase:firebase-iid:17.0.3] AndroidManifest.xml:40:13-73
119            <intent-filter>
119-->[com.google.firebase:firebase-iid:17.0.3] AndroidManifest.xml:41:13-43:29
120                <action android:name="com.google.android.c2dm.intent.RECEIVE" />
120-->[com.google.firebase:firebase-iid:17.0.3] AndroidManifest.xml:42:17-81
120-->[com.google.firebase:firebase-iid:17.0.3] AndroidManifest.xml:42:25-78
121            </intent-filter>
122        </receiver>
123        <!--
124             FirebaseInstanceIdService performs security checks at runtime,
125             no need for explicit permissions despite exported="true"
126        -->
127        <service
127-->[com.google.firebase:firebase-iid:17.0.3] AndroidManifest.xml:50:9-56:19
128            android:name="com.google.firebase.iid.FirebaseInstanceIdService"
128-->[com.google.firebase:firebase-iid:17.0.3] AndroidManifest.xml:51:13-77
129            android:exported="true" >
129-->[com.google.firebase:firebase-iid:17.0.3] AndroidManifest.xml:52:13-36
130            <intent-filter android:priority="-500" >
130-->[com.google.firebase:firebase-iid:17.0.3] AndroidManifest.xml:53:13-55:29
130-->[com.google.firebase:firebase-iid:17.0.3] AndroidManifest.xml:53:28-51
131                <action android:name="com.google.firebase.INSTANCE_ID_EVENT" />
131-->[com.google.firebase:firebase-iid:17.0.3] AndroidManifest.xml:54:17-80
131-->[com.google.firebase:firebase-iid:17.0.3] AndroidManifest.xml:54:25-77
132            </intent-filter>
133        </service>
134
135        <activity
135-->[com.google.android.gms:play-services-base:16.0.1] AndroidManifest.xml:23:9-26:75
136            android:name="com.google.android.gms.common.api.GoogleApiActivity"
136-->[com.google.android.gms:play-services-base:16.0.1] AndroidManifest.xml:24:13-79
137            android:exported="false"
137-->[com.google.android.gms:play-services-base:16.0.1] AndroidManifest.xml:25:13-37
138            android:theme="@android:style/Theme.Translucent.NoTitleBar" />
138-->[com.google.android.gms:play-services-base:16.0.1] AndroidManifest.xml:26:13-72
139
140        <provider
140-->[com.google.firebase:firebase-common:16.1.0] AndroidManifest.xml:12:9-16:39
141            android:name="com.google.firebase.provider.FirebaseInitProvider"
141-->[com.google.firebase:firebase-common:16.1.0] AndroidManifest.xml:13:13-77
142            android:authorities="com.example.john.tab2layout.firebaseinitprovider"
142-->[com.google.firebase:firebase-common:16.1.0] AndroidManifest.xml:14:13-72
143            android:exported="false"
143-->[com.google.firebase:firebase-common:16.1.0] AndroidManifest.xml:15:13-37
144            android:initOrder="100" />
144-->[com.google.firebase:firebase-common:16.1.0] AndroidManifest.xml:16:13-36
145
146        <meta-data
146-->[com.google.android.gms:play-services-basement:16.1.0] AndroidManifest.xml:23:9-25:69
147            android:name="com.google.android.gms.version"
147-->[com.google.android.gms:play-services-basement:16.1.0] AndroidManifest.xml:24:13-58
148            android:value="@integer/google_play_services_version" />
148-->[com.google.android.gms:play-services-basement:16.1.0] AndroidManifest.xml:25:13-66
149        <meta-data
149-->[com.android.support:support-v4:26.1.0] AndroidManifest.xml:26:9-28:38
150            android:name="android.support.VERSION"
150-->[com.android.support:support-v4:26.1.0] AndroidManifest.xml:27:13-51
151            android:value="26.1.0" />
151-->[com.android.support:support-v4:26.1.0] AndroidManifest.xml:28:13-35
152    </application>
153
154</manifest>